
/home/runner/work/exp-position-analysis-grashof-nitk/exp-position-analysis-grashof-nitk/experiment/simulation/js/MOMscript.js
   22:10  warning  'point' is defined but never used       no-unused-vars
   30:10  warning  'pointtrans' is defined but never used  no-unused-vars
   38:10  warning  'pointdisp' is defined but never used   no-unused-vars
   88:10  warning  'pointdist' is defined but never used   no-unused-vars
   94:10  warning  'pointjoin' is defined but never used   no-unused-vars
  109:10  warning  'pointtrace' is defined but never used  no-unused-vars
  127:10  warning  'deg' is defined but never used         no-unused-vars
  137:10  warning  'drawrect' is defined but never used    no-unused-vars
  157:10  warning  'drawArrow' is defined but never used   no-unused-vars
  173:10  warning  'signof' is defined but never used      no-unused-vars
  179:10  warning  'roundd' is defined but never used      no-unused-vars
  185:10  warning  'plotgraph' is defined but never used   no-unused-vars
  195:1   warning  'i' is not defined                      no-undef
  197:7   warning  'i' is not defined                      no-undef
  199:20  warning  'i' is not defined                      no-undef
  199:27  warning  'i' is not defined                      no-undef
  200:2   warning  'i' is not defined                      no-undef
  201:6   warning  'i' is not defined                      no-undef
  204:3   warning  'i' is not defined                      no-undef
  204:5   warning  'i' is not defined                      no-undef

/home/runner/work/exp-position-analysis-grashof-nitk/exp-position-analysis-grashof-nitk/experiment/simulation/js/dpi.js
  39:5  error  Parsing error: Identifier 'canvas' has already been declared

/home/runner/work/exp-position-analysis-grashof-nitk/exp-position-analysis-grashof-nitk/experiment/simulation/js/jquery-3.6.0.js
     17:44  warning  'module' is not defined                                                    no-undef
     25:5   warning  'module' is not defined                                                    no-undef
    142:13  warning  'Symbol' is already defined as a built-in global variable                  no-redeclare
    717:22  warning  Unexpected control character(s) in regular expression: \x1f, \x1f          no-control-regex
    779:50  warning  Empty block statement                                                      no-empty
   2185:38  warning  Do not access Object.prototype method 'hasOwnProperty' from target object  no-prototype-builtins
   3205:16  warning  Unnecessary escape character: \/                                           no-useless-escape
   3507:52  warning  Empty block statement                                                      no-empty
   4584:21  warning  Empty block statement                                                      no-empty
   5051:28  warning  Unnecessary escape character: \/                                           no-useless-escape
   5268:19  warning  Empty block statement                                                      no-empty
   6564:25  warning  Empty block statement                                                      no-empty
   9171:17  warning  Empty block statement                                                      no-empty
   9819:28  warning  'urlAnchor.href' is assigned to itself                                     no-self-assign
  10269:17  warning  Empty block statement                                                      no-empty
  11162:39  warning  'define' is not defined                                                    no-undef
  11163:5   warning  'define' is not defined                                                    no-undef

/home/runner/work/exp-position-analysis-grashof-nitk/exp-position-analysis-grashof-nitk/experiment/simulation/js/jquery-ui.js
      9:39  warning  'define' is not defined                                      no-undef
     11:5   warning  'define' is not defined                                      no-undef
     14:13  warning  'jQuery' is not defined                                      no-undef
     21:7   warning  'version' is assigned a value but never used                 no-unused-vars
    797:7   warning  'widget' is assigned a value but never used                  no-unused-vars
    822:19  warning  Unnecessary escape character: \+                             no-useless-escape
    822:21  warning  Unnecessary escape character: \-                             no-useless-escape
   1365:7   warning  'position' is assigned a value but never used                no-unused-vars
   1381:7   warning  'data' is assigned a value but never used                    no-unused-vars
   1410:7   warning  'disableSelection' is assigned a value but never used        no-unused-vars
   1452:23  warning  Unnecessary escape character: \-                             no-useless-escape
   1462:39  warning  Unnecessary escape character: \%                             no-useless-escape
   1462:63  warning  Unnecessary escape character: \%                             no-useless-escape
   1462:87  warning  Unnecessary escape character: \%                             no-useless-escape
   1499:61  warning  Unnecessary escape character: \%                             no-useless-escape
   1499:85  warning  Unnecessary escape character: \%                             no-useless-escape
   2078:29  warning  Empty block statement                                        no-empty
   3120:63  warning  Empty block statement                                        no-empty
   3156:7   warning  'effectsEffectBlind' is assigned a value but never used      no-unused-vars
   3217:7   warning  'effectsEffectBounce' is assigned a value but never used     no-unused-vars
   3309:7   warning  'effectsEffectClip' is assigned a value but never used       no-unused-vars
   3360:7   warning  'effectsEffectDrop' is assigned a value but never used       no-unused-vars
   3418:7   warning  'effectsEffectExplode' is assigned a value but never used    no-unused-vars
   3523:7   warning  'effectsEffectFade' is assigned a value but never used       no-unused-vars
   3560:7   warning  'effectsEffectFold' is assigned a value but never used       no-unused-vars
   3639:7   warning  'effectsEffectHighlight' is assigned a value but never used  no-unused-vars
   3683:7   warning  'effectsEffectSize' is assigned a value but never used       no-unused-vars
   3884:7   warning  'effectsEffectScale' is assigned a value but never used      no-unused-vars
   3929:7   warning  'effectsEffectPuff' is assigned a value but never used       no-unused-vars
   3957:7   warning  'effectsEffectPulsate' is assigned a value but never used    no-unused-vars
   4007:7   warning  'effectsEffectShake' is assigned a value but never used      no-unused-vars
   4062:7   warning  'effectsEffectSlide' is assigned a value but never used      no-unused-vars
   4127:7   warning  'effect' is already defined                                  no-redeclare
   4133:7   warning  'effectsEffectTransfer' is assigned a value but never used   no-unused-vars
   4209:7   warning  'focusable' is assigned a value but never used               no-unused-vars
   4214:7   warning  'form' is assigned a value but never used                    no-unused-vars
   4234:7   warning  'formResetMixin' is assigned a value but never used          no-unused-vars
   4311:22  warning  Unexpected control character(s) in regular expression: \x1f  no-control-regex
   4369:7   warning  'keycode' is assigned a value but never used                 no-unused-vars
   4402:7   warning  'labels' is assigned a value but never used                  no-unused-vars
   4455:7   warning  'scrollParent' is assigned a value but never used            no-unused-vars
   4492:7   warning  'tabbable' is assigned a value but never used                no-unused-vars
   4516:7   warning  'uniqueId' is assigned a value but never used                no-unused-vars
   4558:7   warning  'widgetsAccordion' is assigned a value but never used        no-unused-vars
   5187:7   warning  'safeActiveElement' is assigned a value but never used       no-unused-vars
   5233:7   warning  'widgetsMenu' is assigned a value but never used             no-unused-vars
   5939:13  warning  Unnecessary escape character: \-                             no-useless-escape
   5939:15  warning  Unnecessary escape character: \[                             no-useless-escape
   5939:30  warning  Unnecessary escape character: \^                             no-useless-escape
   6581:30  warning  Unnecessary escape character: \-                             no-useless-escape
   6581:32  warning  Unnecessary escape character: \[                             no-useless-escape
   6581:47  warning  Unnecessary escape character: \^                             no-useless-escape
   6626:7   warning  'widgetsAutocomplete' is assigned a value but never used     no-unused-vars
   6648:7   warning  'widgetsControlgroup' is assigned a value but never used     no-unused-vars
   7239:7   warning  'widgetsCheckboxradio' is assigned a value but never used    no-unused-vars
   7686:7   warning  'widgetsButton' is assigned a value but never used           no-unused-vars
   7921:51  warning  Unnecessary escape character: \-                             no-useless-escape
   8620:23  warning  Empty block statement                                        no-empty
   9326:18  warning  Unexpected constant condition                                no-constant-condition
   9623:27  warning  Unnecessary escape character: \-                             no-useless-escape
  10293:40  warning  Unnecessary escape character: \-                             no-useless-escape
  10295:32  warning  Unnecessary escape character: \-                             no-useless-escape
  10435:35  warning  Unnecessary escape character: \-                             no-useless-escape
  10438:35  warning  Unnecessary escape character: \-                             no-useless-escape
  10603:7   warning  'widgetsDatepicker' is assigned a value but never used       no-unused-vars
  10606:7   warning  'ie' is assigned a value but never used                      no-unused-vars
  10627:7   warning  'widgetsMouse' is assigned a value but never used            no-unused-vars
  10835:7   warning  'plugin' is assigned a value but never used                  no-unused-vars
  10868:7   warning  'safeBlur' is assigned a value but never used                no-unused-vars
  12169:7   warning  'widgetsDraggable' is assigned a value but never used        no-unused-vars
  13428:7   warning  'widgetsResizable' is assigned a value but never used        no-unused-vars
  14383:7   warning  'widgetsDialog' is assigned a value but never used           no-unused-vars
  14902:7   warning  'widgetsDroppable' is assigned a value but never used        no-unused-vars
  14924:7   warning  'widgetsProgressbar' is assigned a value but never used      no-unused-vars
  15081:7   warning  'widgetsSelectable' is assigned a value but never used       no-unused-vars
  15399:7   warning  'widgetsSelectmenu' is assigned a value but never used       no-unused-vars
  16098:7   warning  'widgetsSlider' is assigned a value but never used           no-unused-vars
  16890:7   warning  'widgetsSortable' is assigned a value but never used         no-unused-vars
  17501:33  warning  Unnecessary escape character: \-                             no-useless-escape
  19078:15  warning  'Globalize' is not defined                                   no-undef
  19089:11  warning  'Globalize' is not defined                                   no-undef
  19209:7   warning  'widgetsSpinner' is assigned a value but never used          no-unused-vars
  19265:25  warning  Empty block statement                                        no-empty
  19268:25  warning  Empty block statement                                        no-empty
  19507:38  warning  Unnecessary escape character: \/                             no-useless-escape
  19507:47  warning  Unnecessary escape character: \[                             no-useless-escape
  19507:51  warning  Unnecessary escape character: \^                             no-useless-escape
  20132:7   warning  'widgetsTabs' is assigned a value but never used             no-unused-vars
  20643:7   warning  'widgetsTooltip' is assigned a value but never used          no-unused-vars

/home/runner/work/exp-position-analysis-grashof-nitk/exp-position-analysis-grashof-nitk/experiment/simulation/js/jquery.ui.touch-punch.js
  174:4  warning  'jQuery' is not defined  no-undef

/home/runner/work/exp-position-analysis-grashof-nitk/exp-position-analysis-grashof-nitk/experiment/simulation/js/jquery.ui.touch-punch.min.js
  81:4  warning  'jQuery' is not defined  no-undef

/home/runner/work/exp-position-analysis-grashof-nitk/exp-position-analysis-grashof-nitk/experiment/simulation/js/new-script.js
    7:5   warning  'commenttext' is assigned a value but never used  no-unused-vars
    8:5   warning  'commentloc' is assigned a value but never used   no-unused-vars
   10:17  warning  'point' is not defined                            no-undef
   11:17  warning  'point' is not defined                            no-undef
   12:13  warning  'point' is not defined                            no-undef
   13:13  warning  'point' is not defined                            no-undef
   14:13  warning  'point' is not defined                            no-undef
   15:13  warning  'point' is not defined                            no-undef
   16:14  warning  'point' is not defined                            no-undef
   17:14  warning  'point' is not defined                            no-undef
   18:14  warning  'point' is not defined                            no-undef
   19:14  warning  'point' is not defined                            no-undef
   29:5   warning  'omega3' is assigned a value but never used       no-unused-vars
   30:3   warning  'omega4' is assigned a value but never used       no-unused-vars
   32:3   warning  'gammadash' is assigned a value but never used    no-unused-vars
   44:5   warning  'time' is assigned a value but never used         no-unused-vars
   46:5   warning  'ptx' is assigned a value but never used          no-unused-vars
   47:5   warning  'pty' is assigned a value but never used          no-unused-vars
   49:5   warning  'legendCS' is assigned a value but never used     no-unused-vars
   50:5   warning  'quickrefCS' is assigned a value but never used   no-unused-vars
   52:5   warning  'temp' is assigned a value but never used         no-unused-vars
   89:10  warning  'editcss' is defined but never used               no-unused-vars
  102:10  warning  'startsim' is defined but never used              no-unused-vars
  107:10  warning  'simstate' is defined but never used              no-unused-vars
  117:5   warning  '$' is not defined                                no-undef
  132:10  warning  'rotstate' is defined but never used              no-unused-vars
  149:10  warning  'varinit' is defined but never used               no-unused-vars
  152:3   warning  '$' is not defined                                no-undef
  153:3   warning  '$' is not defined                                no-undef
  155:3   warning  '$' is not defined                                no-undef
  156:3   warning  '$' is not defined                                no-undef
  158:3   warning  '$' is not defined                                no-undef
  159:3   warning  '$' is not defined                                no-undef
  161:3   warning  '$' is not defined                                no-undef
  162:3   warning  '$' is not defined                                no-undef
  164:3   warning  '$' is not defined                                no-undef
  165:3   warning  '$' is not defined                                no-undef
  167:3   warning  '$' is not defined                                no-undef
  168:3   warning  '$' is not defined                                no-undef
  175:3   warning  '$' is not defined                                no-undef
  176:3   warning  '$' is not defined                                no-undef
  179:3   warning  '$' is not defined                                no-undef
  180:5   warning  '$' is not defined                                no-undef
  184:3   warning  '$' is not defined                                no-undef
  185:5   warning  '$' is not defined                                no-undef
  189:3   warning  '$' is not defined                                no-undef
  194:3   warning  '$' is not defined                                no-undef
  195:3   warning  '$' is not defined                                no-undef
  198:3   warning  '$' is not defined                                no-undef
  199:5   warning  '$' is not defined                                no-undef
  204:3   warning  '$' is not defined                                no-undef
  205:5   warning  '$' is not defined                                no-undef
  210:3   warning  '$' is not defined                                no-undef
  215:3   warning  '$' is not defined                                no-undef
  216:3   warning  '$' is not defined                                no-undef
  219:3   warning  '$' is not defined                                no-undef
  220:5   warning  '$' is not defined                                no-undef
  224:3   warning  '$' is not defined                                no-undef
  225:5   warning  '$' is not defined                                no-undef
  229:3   warning  '$' is not defined                                no-undef
  234:3   warning  '$' is not defined                                no-undef
  235:3   warning  '$' is not defined                                no-undef
  238:3   warning  '$' is not defined                                no-undef
  239:5   warning  '$' is not defined                                no-undef
  243:3   warning  '$' is not defined                                no-undef
  244:5   warning  '$' is not defined                                no-undef
  248:3   warning  '$' is not defined                                no-undef
  253:3   warning  '$' is not defined                                no-undef
  254:3   warning  '$' is not defined                                no-undef
  257:3   warning  '$' is not defined                                no-undef
  258:5   warning  '$' is not defined                                no-undef
  262:3   warning  '$' is not defined                                no-undef
  263:5   warning  '$' is not defined                                no-undef
  267:3   warning  '$' is not defined                                no-undef
  272:3   warning  '$' is not defined                                no-undef
  273:3   warning  '$' is not defined                                no-undef
  276:3   warning  '$' is not defined                                no-undef
  277:5   warning  '$' is not defined                                no-undef
  281:3   warning  '$' is not defined                                no-undef
  282:5   warning  '$' is not defined                                no-undef
  286:3   warning  '$' is not defined                                no-undef
  295:3   warning  '$' is not defined                                no-undef
  295:32  warning  '$' is not defined                                no-undef
  296:3   warning  '$' is not defined                                no-undef
  296:32  warning  '$' is not defined                                no-undef
  297:3   warning  '$' is not defined                                no-undef
  297:32  warning  '$' is not defined                                no-undef
  298:3   warning  '$' is not defined                                no-undef
  298:34  warning  '$' is not defined                                no-undef
  299:3   warning  '$' is not defined                                no-undef
  299:34  warning  '$' is not defined                                no-undef
  300:3   warning  '$' is not defined                                no-undef
  300:34  warning  '$' is not defined                                no-undef
  305:3   warning  '$' is not defined                                no-undef
  305:34  warning  '$' is not defined                                no-undef
  306:3   warning  '$' is not defined                                no-undef
  306:34  warning  '$' is not defined                                no-undef
  307:3   warning  '$' is not defined                                no-undef
  307:34  warning  '$' is not defined                                no-undef
  308:3   warning  '$' is not defined                                no-undef
  308:34  warning  '$' is not defined                                no-undef
  309:3   warning  '$' is not defined                                no-undef
  309:38  warning  '$' is not defined                                no-undef
  310:3   warning  '$' is not defined                                no-undef
  310:38  warning  '$' is not defined                                no-undef
  312:8   warning  '$' is not defined                                no-undef
  313:8   warning  '$' is not defined                                no-undef
  314:8   warning  '$' is not defined                                no-undef
  315:8   warning  '$' is not defined                                no-undef
  318:5   warning  '$' is not defined                                no-undef
  319:5   warning  '$' is not defined                                no-undef
  321:5   warning  '$' is not defined                                no-undef
  322:5   warning  '$' is not defined                                no-undef
  323:5   warning  '$' is not defined                                no-undef
  324:5   warning  '$' is not defined                                no-undef
  325:5   warning  '$' is not defined                                no-undef
  326:5   warning  '$' is not defined                                no-undef
  327:5   warning  '$' is not defined                                no-undef
  328:5   warning  '$' is not defined                                no-undef
  330:14  warning  '$' is not defined                                no-undef
  332:41  warning  'deg' is not defined                              no-undef
  340:5   warning  '$' is not defined                                no-undef
  341:5   warning  '$' is not defined                                no-undef
  342:5   warning  '$' is not defined                                no-undef
  343:5   warning  '$' is not defined                                no-undef
  344:5   warning  '$' is not defined                                no-undef
  345:5   warning  '$' is not defined                                no-undef
  346:5   warning  '$' is not defined                                no-undef
  347:5   warning  '$' is not defined                                no-undef
  349:5   warning  '$' is not defined                                no-undef
  350:5   warning  '$' is not defined                                no-undef
  351:14  warning  '$' is not defined                                no-undef
  357:40  warning  'rad' is not defined                              no-undef
  358:34  warning  'rad' is not defined                              no-undef
  359:40  warning  'rad' is not defined                              no-undef
  366:41  warning  'rad' is not defined                              no-undef
  367:41  warning  'rad' is not defined                              no-undef
  370:43  warning  'rad' is not defined                              no-undef
  371:43  warning  'rad' is not defined                              no-undef
  377:22  warning  'deg' is not defined                              no-undef
  378:25  warning  'deg' is not defined                              no-undef
  380:16  warning  'deg' is not defined                              no-undef
  381:20  warning  'deg' is not defined                              no-undef
  383:14  warning  'deg' is not defined                              no-undef
  384:32  warning  'rad' is not defined                              no-undef
  384:61  warning  'rad' is not defined                              no-undef
  386:18  warning  'deg' is not defined                              no-undef
  388:24  warning  'rad' is not defined                              no-undef
  388:57  warning  'rad' is not defined                              no-undef
  392:41  warning  'rad' is not defined                              no-undef
  393:41  warning  'rad' is not defined                              no-undef
  394:43  warning  'rad' is not defined                              no-undef
  395:43  warning  'rad' is not defined                              no-undef
  436:5   warning  '$' is not defined                                no-undef
  437:5   warning  '$' is not defined                                no-undef
  438:5   warning  '$' is not defined                                no-undef
  439:9   warning  'pointtrans' is not defined                       no-undef
  440:9   warning  'pointtrans' is not defined                       no-undef
  441:9   warning  'pointtrans' is not defined                       no-undef
  442:9   warning  'pointtrans' is not defined                       no-undef
  443:10  warning  'pointtrans' is not defined                       no-undef
  444:10  warning  'pointtrans' is not defined                       no-undef
  445:10  warning  'pointtrans' is not defined                       no-undef
  446:10  warning  'pointtrans' is not defined                       no-undef
  448:5   warning  'pointjoin' is not defined                        no-undef
  449:5   warning  'pointjoin' is not defined                        no-undef
  450:5   warning  'pointjoin' is not defined                        no-undef
  451:5   warning  'pointjoin' is not defined                        no-undef
  452:5   warning  'pointjoin' is not defined                        no-undef
  453:5   warning  'pointjoin' is not defined                        no-undef
  454:5   warning  'pointjoin' is not defined                        no-undef
  455:5   warning  'pointjoin' is not defined                        no-undef
  456:5   warning  'pointdisp' is not defined                        no-undef
  457:5   warning  'pointdisp' is not defined                        no-undef
  458:5   warning  'pointdisp' is not defined                        no-undef
  459:5   warning  'pointdisp' is not defined                        no-undef
  460:5   warning  'pointdisp' is not defined                        no-undef
  461:5   warning  'pointdisp' is not defined                        no-undef
  462:5   warning  'pointdisp' is not defined                        no-undef
  463:5   warning  'pointdisp' is not defined                        no-undef
  465:5   warning  '$' is not defined                                no-undef
  466:5   warning  '$' is not defined                                no-undef
  467:5   warning  '$' is not defined                                no-undef
  506:5   warning  'roundd' is not defined                           no-undef
  509:5   warning  'roundd' is not defined                           no-undef
  512:5   warning  'roundd' is not defined                           no-undef
  515:5   warning  'roundd' is not defined                           no-undef
  524:5   warning  'roundd' is not defined                           no-undef
  527:5   warning  'roundd' is not defined                           no-undef
  530:5   warning  'roundd' is not defined                           no-undef
  533:5   warning  'roundd' is not defined                           no-undef

✖ 320 problems (1 error, 319 warnings)

